~~~~~~~~~~~~~~~~~~~~~~~~~~~~~~~~~~~~~~~~~~~~~~~~
Package         Version
--------------- ---------
arrow           0.15.8
certifi         2020.6.20
chardet         3.0.4
colorama        0.4.3
cycler          0.10.0
idna            2.10
invoke          1.4.1
kiwisolver      1.2.0
loguru          0.5.1
matplotlib      3.3.0
numpy           1.19.1
pandas          1.1.0
Pillow          7.2.0
pip             20.2
pyparsing       2.4.7
python-dateutil 2.8.1
pytz            2020.1
PyYAML          5.3.1
requests        2.24.0
scipy           1.5.2
seaborn         0.10.1
setuptools      47.1.0
six             1.15.0
SQLAlchemy      1.3.18
termgraph       0.4.2
urllib3         1.25.10
Available tasks:

  gh0brs     GraphQL got all branchs
  gh6bkdb    bkup SQLite3
  gh7upd     update all DU matter
  ghpub      $ inv ghpub du ~ pub. Pol for DU matter
  gl3redb    3: bkup and relfush SQLite DB
  gl4incer   4: increment append date into SQLite DB
  gl5pol     5: Poling for weekly report
  gl8pub     8: gen. Poling site pages+img. [ |--pol ]
  ver        print help and version info.

