~~~~~~~~~~~~~~~~~~~~~~~~~~~~~~~~~~~~~~~~~~~~~~~~
###::cron4trig2duw.sh v.190609.1803 crontab action 4 auto publish DUW
###::run@ 2019/08/05 20:45:23
<<<   trigger by /opt/www/debuguself/br_DUW/_trigger/deploy.md 

	 crt. PATH ===
/opt/www/debuguself/br_DUW
On branch DUW
Your branch is up-to-date with 'origin/DUW'.
nothing to commit, working directory clean
Already up-to-date.

	 crt. PATH ===
/opt/www/debuguself/ghp_duw
On branch master
Your branch is up-to-date with 'origin/master'.
nothing to commit, working directory clean
Already up-to-date.

	 crt. PATH ===
/opt/www/debuguself/br_duw_pub
On branch duw_pub
Your branch is up-to-date with 'origin/duw_pub'.
nothing to commit, working directory clean
Already up-to-date.
/opt/www/debuguself/br_DUW/_trigger
TRIGGERed by deploy.md exist
TRIGGER 1

	 crt. PATH ===
/opt/www/debuguself/br_duw_pub
rsync -av --delete -r ../br_DUW/2017/ ./docs/2017/
sending incremental file list

sent 968 bytes  received 12 bytes  1,960.00 bytes/sec
total size is 635,867  speedup is 648.84
rsync -av --delete -r ../br_DUW/2018/ ./docs/2018/
sending incremental file list

sent 763 bytes  received 12 bytes  1,550.00 bytes/sec
total size is 412,762  speedup is 532.60
rsync -av --delete -r ../br_DUW/2019/ ./docs/2019/
sending incremental file list
./
120w.md

sent 9,807 bytes  received 38 bytes  19,690.00 bytes/sec
total size is 288,620  speedup is 29.32
cp -v ../br_DUW/2017/*.* ./docs/
'../br_DUW/2017/000w.md' -> './docs/000w.md'
'../br_DUW/2017/001w.md' -> './docs/001w.md'
'../br_DUW/2017/002w.md' -> './docs/002w.md'
'../br_DUW/2017/003w.md' -> './docs/003w.md'
'../br_DUW/2017/004w.md' -> './docs/004w.md'
'../br_DUW/2017/005w.md' -> './docs/005w.md'
'../br_DUW/2017/006w.md' -> './docs/006w.md'
'../br_DUW/2017/007w.md' -> './docs/007w.md'
'../br_DUW/2017/008w.md' -> './docs/008w.md'
'../br_DUW/2017/009w.md' -> './docs/009w.md'
'../br_DUW/2017/010w.md' -> './docs/010w.md'
'../br_DUW/2017/011w.md' -> './docs/011w.md'
'../br_DUW/2017/012w.md' -> './docs/012w.md'
'../br_DUW/2017/013w.md' -> './docs/013w.md'
'../br_DUW/2017/014w.md' -> './docs/014w.md'
'../br_DUW/2017/015w.md' -> './docs/015w.md'
'../br_DUW/2017/016w.md' -> './docs/016w.md'
'../br_DUW/2017/017w.md' -> './docs/017w.md'
'../br_DUW/2017/018w.md' -> './docs/018w.md'
'../br_DUW/2017/019w.md' -> './docs/019w.md'
'../br_DUW/2017/020w.md' -> './docs/020w.md'
'../br_DUW/2017/021w.md' -> './docs/021w.md'
'../br_DUW/2017/022w.md' -> './docs/022w.md'
'../br_DUW/2017/023w.md' -> './docs/023w.md'
'../br_DUW/2017/024w.md' -> './docs/024w.md'
'../br_DUW/2017/025w.md' -> './docs/025w.md'
'../br_DUW/2017/026w.md' -> './docs/026w.md'
'../br_DUW/2017/027w.md' -> './docs/027w.md'
'../br_DUW/2017/028w.md' -> './docs/028w.md'
'../br_DUW/2017/029w.md' -> './docs/029w.md'
'../br_DUW/2017/030w.md' -> './docs/030w.md'
'../br_DUW/2017/031w.md' -> './docs/031w.md'
'../br_DUW/2017/032w.md' -> './docs/032w.md'
'../br_DUW/2017/033w.md' -> './docs/033w.md'
'../br_DUW/2017/034w.md' -> './docs/034w.md'
'../br_DUW/2017/035w.md' -> './docs/035w.md'
'../br_DUW/2017/036w.md' -> './docs/036w.md'
'../br_DUW/2017/037w.md' -> './docs/037w.md'
'../br_DUW/2017/038w.md' -> './docs/038w.md'
'../br_DUW/2017/039w.md' -> './docs/039w.md'
'../br_DUW/2017/040w.md' -> './docs/040w.md'
'../br_DUW/2017/041w.md' -> './docs/041w.md'
'../br_DUW/2017/042w.md' -> './docs/042w.md'
'../br_DUW/2017/043w.md' -> './docs/043w.md'
'../br_DUW/2017/044w.md' -> './docs/044w.md'
'../br_DUW/2017/045w.md' -> './docs/045w.md'
'../br_DUW/2017/046w.md' -> './docs/046w.md'
'../br_DUW/2017/047w.md' -> './docs/047w.md'
'../br_DUW/2017/048w.md' -> './docs/048w.md'
'../br_DUW/2017/049w.md' -> './docs/049w.md'
'../br_DUW/2017/050w.md' -> './docs/050w.md'
cp -v ../br_DUW/2018/*.* ./docs/
'../br_DUW/2018/051w.md' -> './docs/051w.md'
'../br_DUW/2018/052w.md' -> './docs/052w.md'
'../br_DUW/2018/053w.md' -> './docs/053w.md'
'../br_DUW/2018/054w.md' -> './docs/054w.md'
'../br_DUW/2018/055w.md' -> './docs/055w.md'
'../br_DUW/2018/056w.md' -> './docs/056w.md'
'../br_DUW/2018/057w.md' -> './docs/057w.md'
'../br_DUW/2018/058w.md' -> './docs/058w.md'
'../br_DUW/2018/059w.md' -> './docs/059w.md'
'../br_DUW/2018/060w.md' -> './docs/060w.md'
'../br_DUW/2018/061w.md' -> './docs/061w.md'
'../br_DUW/2018/062w.md' -> './docs/062w.md'
'../br_DUW/2018/063w.md' -> './docs/063w.md'
'../br_DUW/2018/064w.md' -> './docs/064w.md'
'../br_DUW/2018/065w.md' -> './docs/065w.md'
'../br_DUW/2018/066w.md' -> './docs/066w.md'
'../br_DUW/2018/067w.md' -> './docs/067w.md'
'../br_DUW/2018/068w.md' -> './docs/068w.md'
'../br_DUW/2018/069w.md' -> './docs/069w.md'
'../br_DUW/2018/070w.md' -> './docs/070w.md'
'../br_DUW/2018/071w.md' -> './docs/071w.md'
'../br_DUW/2018/072w.md' -> './docs/072w.md'
'../br_DUW/2018/073w.md' -> './docs/073w.md'
'../br_DUW/2018/074w.md' -> './docs/074w.md'
'../br_DUW/2018/075w.md' -> './docs/075w.md'
'../br_DUW/2018/076w.md' -> './docs/076w.md'
'../br_DUW/2018/077w.md' -> './docs/077w.md'
'../br_DUW/2018/078w.md' -> './docs/078w.md'
'../br_DUW/2018/079w.md' -> './docs/079w.md'
'../br_DUW/2018/080w.md' -> './docs/080w.md'
'../br_DUW/2018/081w.md' -> './docs/081w.md'
'../br_DUW/2018/082w.md' -> './docs/082w.md'
'../br_DUW/2018/083w.md' -> './docs/083w.md'
'../br_DUW/2018/084w.md' -> './docs/084w.md'
'../br_DUW/2018/085w.md' -> './docs/085w.md'
'../br_DUW/2018/086w.md' -> './docs/086w.md'
'../br_DUW/2018/087w.md' -> './docs/087w.md'
'../br_DUW/2018/088w.md' -> './docs/088w.md'
'../br_DUW/2018/089w.md' -> './docs/089w.md'
'../br_DUW/2018/090w.md' -> './docs/090w.md'
cp -v ../br_DUW/2019/*.* ./docs/
'../br_DUW/2019/091w.md' -> './docs/091w.md'
'../br_DUW/2019/092w.md' -> './docs/092w.md'
'../br_DUW/2019/093w.md' -> './docs/093w.md'
'../br_DUW/2019/094w.md' -> './docs/094w.md'
'../br_DUW/2019/096w.md' -> './docs/096w.md'
'../br_DUW/2019/097w.md' -> './docs/097w.md'
'../br_DUW/2019/098w.md' -> './docs/098w.md'
'../br_DUW/2019/099w.md' -> './docs/099w.md'
'../br_DUW/2019/100w.md' -> './docs/100w.md'
'../br_DUW/2019/101w.md' -> './docs/101w.md'
'../br_DUW/2019/102w.md' -> './docs/102w.md'
'../br_DUW/2019/103w.md' -> './docs/103w.md'
'../br_DUW/2019/104w.md' -> './docs/104w.md'
'../br_DUW/2019/105w.md' -> './docs/105w.md'
'../br_DUW/2019/106w.md' -> './docs/106w.md'
'../br_DUW/2019/107w.md' -> './docs/107w.md'
'../br_DUW/2019/108w.md' -> './docs/108w.md'
'../br_DUW/2019/109w.md' -> './docs/109w.md'
'../br_DUW/2019/110w.md' -> './docs/110w.md'
'../br_DUW/2019/111w.md' -> './docs/111w.md'
'../br_DUW/2019/112w.md' -> './docs/112w.md'
'../br_DUW/2019/113w.md' -> './docs/113w.md'
'../br_DUW/2019/114w.md' -> './docs/114w.md'
'../br_DUW/2019/115w.md' -> './docs/115w.md'
'../br_DUW/2019/116w.md' -> './docs/116w.md'
'../br_DUW/2019/117w.md' -> './docs/117w.md'
'../br_DUW/2019/118w.md' -> './docs/118w.md'
'../br_DUW/2019/119w.md' -> './docs/119w.md'
'../br_DUW/2019/120w.md' -> './docs/120w.md'
'../br_DUW/2019/121w_draft.md' -> './docs/121w_draft.md'
'../br_DUW/2019/122w_draft.md' -> './docs/122w_draft.md'
'../br_DUW/2019/123w_draft.md' -> './docs/123w_draft.md'
'../br_DUW/2019/124w_draft.md' -> './docs/124w_draft.md'
rm -v ./docs/*_draft.md
removed './docs/121w_draft.md'
removed './docs/122w_draft.md'
removed './docs/123w_draft.md'
removed './docs/124w_draft.md'
cp -v ../br_DUW/*.md ./docs/
'../br_DUW/license.md' -> './docs/license.md'
'../br_DUW/publish.md' -> './docs/publish.md'
'../br_DUW/README.md' -> './docs/README.md'

# 2019 
> 19 weekly report

- [120w](/2019/120w)
- [119w](/2019/119w)
- [118w](/2019/118w)
- [117w](/2019/117w)
- [116w](/2019/116w)
- [115w](/2019/115w)
- [114w](/2019/114w)
- [113w](/2019/113w)
- [112w](/2019/112w)
- [111w](/2019/111w)
- [110w](/2019/110w)
- [109w](/2019/109w)
- [108w](/2019/108w)
- [107w](/2019/107w)
- [106w](/2019/106w)
- [105w](/2019/105w)
- [104w](/2019/104w)
- [103w](/2019/103w)
- [102w](/2019/102w)
- [101w](/2019/101w)
- [100w](/2019/100w)
- [099w](/2019/099w)
- [098w](/2019/098w)
- [097w](/2019/097w)
- [096w](/2019/096w)
- [094w](/2019/094w)
- [093w](/2019/093w)
- [092w](/2019/092w)
- [091w](/2019/091w)

docs/2019.md
# 2017 
> 17 weekly report

- [050w](/2017/050w)
- [049w](/2017/049w)
- [048w](/2017/048w)
- [047w](/2017/047w)
- [046w](/2017/046w)
- [045w](/2017/045w)
- [044w](/2017/044w)
- [043w](/2017/043w)
- [042w](/2017/042w)
- [041w](/2017/041w)
- [040w](/2017/040w)
- [039w](/2017/039w)
- [038w](/2017/038w)
- [037w](/2017/037w)
- [036w](/2017/036w)
- [035w](/2017/035w)
- [034w](/2017/034w)
- [033w](/2017/033w)
- [032w](/2017/032w)
- [031w](/2017/031w)
- [030w](/2017/030w)
- [029w](/2017/029w)
- [028w](/2017/028w)
- [027w](/2017/027w)
- [026w](/2017/026w)
- [025w](/2017/025w)
- [024w](/2017/024w)
- [023w](/2017/023w)
- [022w](/2017/022w)
- [021w](/2017/021w)
- [020w](/2017/020w)
- [019w](/2017/019w)
- [018w](/2017/018w)
- [017w](/2017/017w)
- [016w](/2017/016w)
- [015w](/2017/015w)
- [014w](/2017/014w)
- [013w](/2017/013w)
- [012w](/2017/012w)
- [011w](/2017/011w)
- [010w](/2017/010w)
- [009w](/2017/009w)
- [008w](/2017/008w)
- [007w](/2017/007w)
- [006w](/2017/006w)
- [005w](/2017/005w)
- [004w](/2017/004w)
- [003w](/2017/003w)
- [002w](/2017/002w)
- [001w](/2017/001w)
- [000w](/2017/000w)

docs/2017.md
# 2018 
> 18 weekly report

- [090w](/2018/090w)
- [089w](/2018/089w)
- [088w](/2018/088w)
- [087w](/2018/087w)
- [086w](/2018/086w)
- [085w](/2018/085w)
- [084w](/2018/084w)
- [083w](/2018/083w)
- [082w](/2018/082w)
- [081w](/2018/081w)
- [080w](/2018/080w)
- [079w](/2018/079w)
- [078w](/2018/078w)
- [077w](/2018/077w)
- [076w](/2018/076w)
- [075w](/2018/075w)
- [074w](/2018/074w)
- [073w](/2018/073w)
- [072w](/2018/072w)
- [071w](/2018/071w)
- [070w](/2018/070w)
- [069w](/2018/069w)
- [068w](/2018/068w)
- [067w](/2018/067w)
- [066w](/2018/066w)
- [065w](/2018/065w)
- [064w](/2018/064w)
- [063w](/2018/063w)
- [062w](/2018/062w)
- [061w](/2018/061w)
- [060w](/2018/060w)
- [059w](/2018/059w)
- [058w](/2018/058w)
- [057w](/2018/057w)
- [056w](/2018/056w)
- [055w](/2018/055w)
- [054w](/2018/054w)
- [053w](/2018/053w)
- [052w](/2018/052w)
- [051w](/2018/051w)

docs/2018.md
gen2js(c) docs ghp_duw
title: 'Years',children: [{
          title: '2019',
          link: '/2019'
        },{
          title: '2018',
          link: '/2018'
        },{
          title: '2017',
          link: '/2017'
        },]
script.js.tpl script.js
exp. DOCUTE cfg. -> ../ghp_duw/script.js
cp -v ./_draft/sw.js ./docs/
'./_draft/sw.js' -> './docs/sw.js'
/opt/www/debuguself/br_duw_pub
rm -rvf ../ghp_duw/docs/*
removed '../ghp_duw/docs/000w.md'
removed '../ghp_duw/docs/001w.md'
removed '../ghp_duw/docs/002w.md'
removed '../ghp_duw/docs/003w.md'
removed '../ghp_duw/docs/004w.md'
removed '../ghp_duw/docs/005w.md'
removed '../ghp_duw/docs/006w.md'
removed '../ghp_duw/docs/007w.md'
removed '../ghp_duw/docs/008w.md'
removed '../ghp_duw/docs/009w.md'
removed '../ghp_duw/docs/010w.md'
removed '../ghp_duw/docs/011w.md'
removed '../ghp_duw/docs/012w.md'
removed '../ghp_duw/docs/013w.md'
removed '../ghp_duw/docs/014w.md'
removed '../ghp_duw/docs/015w.md'
removed '../ghp_duw/docs/016w.md'
removed '../ghp_duw/docs/017w.md'
removed '../ghp_duw/docs/018w.md'
removed '../ghp_duw/docs/019w.md'
removed '../ghp_duw/docs/020w.md'
removed '../ghp_duw/docs/021w.md'
removed '../ghp_duw/docs/022w.md'
removed '../ghp_duw/docs/023w.md'
removed '../ghp_duw/docs/024w.md'
removed '../ghp_duw/docs/025w.md'
removed '../ghp_duw/docs/026w.md'
removed '../ghp_duw/docs/027w.md'
removed '../ghp_duw/docs/028w.md'
removed '../ghp_duw/docs/029w.md'
removed '../ghp_duw/docs/030w.md'
removed '../ghp_duw/docs/031w.md'
removed '../ghp_duw/docs/032w.md'
removed '../ghp_duw/docs/033w.md'
removed '../ghp_duw/docs/034w.md'
removed '../ghp_duw/docs/035w.md'
removed '../ghp_duw/docs/036w.md'
removed '../ghp_duw/docs/037w.md'
removed '../ghp_duw/docs/038w.md'
removed '../ghp_duw/docs/039w.md'
removed '../ghp_duw/docs/040w.md'
removed '../ghp_duw/docs/041w.md'
removed '../ghp_duw/docs/042w.md'
removed '../ghp_duw/docs/043w.md'
removed '../ghp_duw/docs/044w.md'
removed '../ghp_duw/docs/045w.md'
removed '../ghp_duw/docs/046w.md'
removed '../ghp_duw/docs/047w.md'
removed '../ghp_duw/docs/048w.md'
removed '../ghp_duw/docs/049w.md'
removed '../ghp_duw/docs/050w.md'
removed '../ghp_duw/docs/051w.md'
removed '../ghp_duw/docs/052w.md'
removed '../ghp_duw/docs/053w.md'
removed '../ghp_duw/docs/054w.md'
removed '../ghp_duw/docs/055w.md'
removed '../ghp_duw/docs/056w.md'
removed '../ghp_duw/docs/057w.md'
removed '../ghp_duw/docs/058w.md'
removed '../ghp_duw/docs/059w.md'
removed '../ghp_duw/docs/060w.md'
removed '../ghp_duw/docs/061w.md'
removed '../ghp_duw/docs/062w.md'
removed '../ghp_duw/docs/063w.md'
removed '../ghp_duw/docs/064w.md'
removed '../ghp_duw/docs/065w.md'
removed '../ghp_duw/docs/066w.md'
removed '../ghp_duw/docs/067w.md'
removed '../ghp_duw/docs/068w.md'
removed '../ghp_duw/docs/069w.md'
removed '../ghp_duw/docs/070w.md'
removed '../ghp_duw/docs/071w.md'
removed '../ghp_duw/docs/072w.md'
removed '../ghp_duw/docs/073w.md'
removed '../ghp_duw/docs/074w.md'
removed '../ghp_duw/docs/075w.md'
removed '../ghp_duw/docs/076w.md'
removed '../ghp_duw/docs/077w.md'
removed '../ghp_duw/docs/078w.md'
removed '../ghp_duw/docs/079w.md'
removed '../ghp_duw/docs/080w.md'
removed '../ghp_duw/docs/081w.md'
removed '../ghp_duw/docs/082w.md'
removed '../ghp_duw/docs/083w.md'
removed '../ghp_duw/docs/084w.md'
removed '../ghp_duw/docs/085w.md'
removed '../ghp_duw/docs/086w.md'
removed '../ghp_duw/docs/087w.md'
removed '../ghp_duw/docs/088w.md'
removed '../ghp_duw/docs/089w.md'
removed '../ghp_duw/docs/090w.md'
removed '../ghp_duw/docs/091w.md'
removed '../ghp_duw/docs/092w.md'
removed '../ghp_duw/docs/093w.md'
removed '../ghp_duw/docs/094w.md'
removed '../ghp_duw/docs/096w.md'
removed '../ghp_duw/docs/097w.md'
removed '../ghp_duw/docs/098w.md'
removed '../ghp_duw/docs/099w.md'
removed '../ghp_duw/docs/100w.md'
removed '../ghp_duw/docs/101w.md'
removed '../ghp_duw/docs/102w.md'
removed '../ghp_duw/docs/103w.md'
removed '../ghp_duw/docs/104w.md'
removed '../ghp_duw/docs/105w.md'
removed '../ghp_duw/docs/106w.md'
removed '../ghp_duw/docs/107w.md'
removed '../ghp_duw/docs/108w.md'
removed '../ghp_duw/docs/109w.md'
removed '../ghp_duw/docs/110w.md'
removed '../ghp_duw/docs/111w.md'
removed '../ghp_duw/docs/112w.md'
removed '../ghp_duw/docs/113w.md'
removed '../ghp_duw/docs/114w.md'
removed '../ghp_duw/docs/115w.md'
removed '../ghp_duw/docs/116w.md'
removed '../ghp_duw/docs/117w.md'
removed '../ghp_duw/docs/118w.md'
removed '../ghp_duw/docs/119w.md'
removed '../ghp_duw/docs/120w.md'
removed '../ghp_duw/docs/2017/021w.md'
removed '../ghp_duw/docs/2017/040w.md'
removed '../ghp_duw/docs/2017/038w.md'
removed '../ghp_duw/docs/2017/023w.md'
removed '../ghp_duw/docs/2017/015w.md'
removed '../ghp_duw/docs/2017/031w.md'
removed '../ghp_duw/docs/2017/011w.md'
removed '../ghp_duw/docs/2017/033w.md'
removed '../ghp_duw/docs/2017/000w.md'
removed '../ghp_duw/docs/2017/022w.md'
removed '../ghp_duw/docs/2017/013w.md'
removed '../ghp_duw/docs/2017/045w.md'
removed '../ghp_duw/docs/2017/008w.md'
removed '../ghp_duw/docs/2017/050w.md'
removed '../ghp_duw/docs/2017/048w.md'
removed '../ghp_duw/docs/2017/042w.md'
removed '../ghp_duw/docs/2017/030w.md'
removed '../ghp_duw/docs/2017/014w.md'
removed '../ghp_duw/docs/2017/024w.md'
removed '../ghp_duw/docs/2017/007w.md'
removed '../ghp_duw/docs/2017/036w.md'
removed '../ghp_duw/docs/2017/019w.md'
removed '../ghp_duw/docs/2017/020w.md'
removed '../ghp_duw/docs/2017/035w.md'
removed '../ghp_duw/docs/2017/001w.md'
removed '../ghp_duw/docs/2017/010w.md'
removed '../ghp_duw/docs/2017/027w.md'
removed '../ghp_duw/docs/2017/025w.md'
removed '../ghp_duw/docs/2017/041w.md'
removed '../ghp_duw/docs/2017/049w.md'
removed '../ghp_duw/docs/2017/004w.md'
removed '../ghp_duw/docs/2017/037w.md'
removed '../ghp_duw/docs/2017/039w.md'
removed '../ghp_duw/docs/2017/043w.md'
removed '../ghp_duw/docs/2017/026w.md'
removed '../ghp_duw/docs/2017/012w.md'
removed '../ghp_duw/docs/2017/044w.md'
removed '../ghp_duw/docs/2017/002w.md'
removed '../ghp_duw/docs/2017/029w.md'
removed '../ghp_duw/docs/2017/003w.md'
removed '../ghp_duw/docs/2017/047w.md'
removed '../ghp_duw/docs/2017/034w.md'
removed '../ghp_duw/docs/2017/017w.md'
removed '../ghp_duw/docs/2017/032w.md'
removed '../ghp_duw/docs/2017/028w.md'
removed '../ghp_duw/docs/2017/018w.md'
removed '../ghp_duw/docs/2017/046w.md'
removed '../ghp_duw/docs/2017/016w.md'
removed '../ghp_duw/docs/2017/005w.md'
removed '../ghp_duw/docs/2017/009w.md'
removed '../ghp_duw/docs/2017/006w.md'
removed directory '../ghp_duw/docs/2017'
removed '../ghp_duw/docs/2017.md'
removed '../ghp_duw/docs/2018/073w.md'
removed '../ghp_duw/docs/2018/058w.md'
removed '../ghp_duw/docs/2018/067w.md'
removed '../ghp_duw/docs/2018/068w.md'
removed '../ghp_duw/docs/2018/085w.md'
removed '../ghp_duw/docs/2018/088w.md'
removed '../ghp_duw/docs/2018/060w.md'
removed '../ghp_duw/docs/2018/086w.md'
removed '../ghp_duw/docs/2018/059w.md'
removed '../ghp_duw/docs/2018/063w.md'
removed '../ghp_duw/docs/2018/072w.md'
removed '../ghp_duw/docs/2018/079w.md'
removed '../ghp_duw/docs/2018/056w.md'
removed '../ghp_duw/docs/2018/084w.md'
removed '../ghp_duw/docs/2018/080w.md'
removed '../ghp_duw/docs/2018/082w.md'
removed '../ghp_duw/docs/2018/089w.md'
removed '../ghp_duw/docs/2018/087w.md'
removed '../ghp_duw/docs/2018/062w.md'
removed '../ghp_duw/docs/2018/053w.md'
removed '../ghp_duw/docs/2018/054w.md'
removed '../ghp_duw/docs/2018/074w.md'
removed '../ghp_duw/docs/2018/066w.md'
removed '../ghp_duw/docs/2018/052w.md'
removed '../ghp_duw/docs/2018/065w.md'
removed '../ghp_duw/docs/2018/055w.md'
removed '../ghp_duw/docs/2018/077w.md'
removed '../ghp_duw/docs/2018/081w.md'
removed '../ghp_duw/docs/2018/083w.md'
removed '../ghp_duw/docs/2018/090w.md'
removed '../ghp_duw/docs/2018/071w.md'
removed '../ghp_duw/docs/2018/076w.md'
removed '../ghp_duw/docs/2018/078w.md'
removed '../ghp_duw/docs/2018/075w.md'
removed '../ghp_duw/docs/2018/064w.md'
removed '../ghp_duw/docs/2018/051w.md'
removed '../ghp_duw/docs/2018/070w.md'
removed '../ghp_duw/docs/2018/057w.md'
removed '../ghp_duw/docs/2018/069w.md'
removed '../ghp_duw/docs/2018/061w.md'
removed directory '../ghp_duw/docs/2018'
removed '../ghp_duw/docs/2018.md'
removed '../ghp_duw/docs/2019/120w.md'
removed '../ghp_duw/docs/2019/094w.md'
removed '../ghp_duw/docs/2019/117w.md'
removed '../ghp_duw/docs/2019/122w_draft.md'
removed '../ghp_duw/docs/2019/092w.md'
removed '../ghp_duw/docs/2019/096w.md'
removed '../ghp_duw/docs/2019/091w.md'
removed '../ghp_duw/docs/2019/093w.md'
removed '../ghp_duw/docs/2019/109w.md'
removed '../ghp_duw/docs/2019/124w_draft.md'
removed '../ghp_duw/docs/2019/112w.md'
removed '../ghp_duw/docs/2019/104w.md'
removed '../ghp_duw/docs/2019/106w.md'
removed '../ghp_duw/docs/2019/103w.md'
removed '../ghp_duw/docs/2019/121w_draft.md'
removed '../ghp_duw/docs/2019/119w.md'
removed '../ghp_duw/docs/2019/099w.md'
removed '../ghp_duw/docs/2019/116w.md'
removed '../ghp_duw/docs/2019/113w.md'
removed '../ghp_duw/docs/2019/101w.md'
removed '../ghp_duw/docs/2019/114w.md'
removed '../ghp_duw/docs/2019/097w.md'
removed '../ghp_duw/docs/2019/107w.md'
removed '../ghp_duw/docs/2019/100w.md'
removed '../ghp_duw/docs/2019/105w.md'
removed '../ghp_duw/docs/2019/118w.md'
removed '../ghp_duw/docs/2019/102w.md'
removed '../ghp_duw/docs/2019/110w.md'
removed '../ghp_duw/docs/2019/115w.md'
removed '../ghp_duw/docs/2019/098w.md'
removed '../ghp_duw/docs/2019/111w.md'
removed '../ghp_duw/docs/2019/108w.md'
removed '../ghp_duw/docs/2019/123w_draft.md'
removed directory '../ghp_duw/docs/2019'
removed '../ghp_duw/docs/2019.md'
removed '../ghp_duw/docs/img/du_logo_v4_h32.png'
removed '../ghp_duw/docs/img/du_logo_v4_h64.png'
removed '../ghp_duw/docs/img/du_logo_v4_h16.png'
removed '../ghp_duw/docs/img/101camp_bauhaus_v4h420.ico'
removed '../ghp_duw/docs/img/du_logo_v4_h100.png'
removed '../ghp_duw/docs/img/du_logo_v4_h80.png'
removed directory '../ghp_duw/docs/img'
removed '../ghp_duw/docs/license.md'
removed '../ghp_duw/docs/publish.md'
removed '../ghp_duw/docs/README.md'
removed '../ghp_duw/docs/sw.js'
rsync -av --delete -r ./docs/ ../ghp_duw/docs/
sending incremental file list
000w.md
001w.md
002w.md
003w.md
004w.md
005w.md
006w.md
007w.md
008w.md
009w.md
010w.md
011w.md
012w.md
013w.md
014w.md
015w.md
016w.md
017w.md
018w.md
019w.md
020w.md
021w.md
022w.md
023w.md
024w.md
025w.md
026w.md
027w.md
028w.md
029w.md
030w.md
031w.md
032w.md
033w.md
034w.md
035w.md
036w.md
037w.md
038w.md
039w.md
040w.md
041w.md
042w.md
043w.md
044w.md
045w.md
046w.md
047w.md
048w.md
049w.md
050w.md
051w.md
052w.md
053w.md
054w.md
055w.md
056w.md
057w.md
058w.md
059w.md
060w.md
061w.md
062w.md
063w.md
064w.md
065w.md
066w.md
067w.md
068w.md
069w.md
070w.md
071w.md
072w.md
073w.md
074w.md
075w.md
076w.md
077w.md
078w.md
079w.md
080w.md
081w.md
082w.md
083w.md
084w.md
085w.md
086w.md
087w.md
088w.md
089w.md
090w.md
091w.md
092w.md
093w.md
094w.md
096w.md
097w.md
098w.md
099w.md
100w.md
101w.md
102w.md
103w.md
104w.md
105w.md
106w.md
107w.md
108w.md
109w.md
110w.md
111w.md
112w.md
113w.md
114w.md
115w.md
116w.md
117w.md
118w.md
119w.md
120w.md
2017.md
2018.md
2019.md
README.md
license.md
publish.md
sw.js
2017/
2017/000w.md
2017/001w.md
2017/002w.md
2017/003w.md
2017/004w.md
2017/005w.md
2017/006w.md
2017/007w.md
2017/008w.md
2017/009w.md
2017/010w.md
2017/011w.md
2017/012w.md
2017/013w.md
2017/014w.md
2017/015w.md
2017/016w.md
2017/017w.md
2017/018w.md
2017/019w.md
2017/020w.md
2017/021w.md
2017/022w.md
2017/023w.md
2017/024w.md
2017/025w.md
2017/026w.md
2017/027w.md
2017/028w.md
2017/029w.md
2017/030w.md
2017/031w.md
2017/032w.md
2017/033w.md
2017/034w.md
2017/035w.md
2017/036w.md
2017/037w.md
2017/038w.md
2017/039w.md
2017/040w.md
2017/041w.md
2017/042w.md
2017/043w.md
2017/044w.md
2017/045w.md
2017/046w.md
2017/047w.md
2017/048w.md
2017/049w.md
2017/050w.md
2018/
2018/051w.md
2018/052w.md
2018/053w.md
2018/054w.md
2018/055w.md
2018/056w.md
2018/057w.md
2018/058w.md
2018/059w.md
2018/060w.md
2018/061w.md
2018/062w.md
2018/063w.md
2018/064w.md
2018/065w.md
2018/066w.md
2018/067w.md
2018/068w.md
2018/069w.md
2018/070w.md
2018/071w.md
2018/072w.md
2018/073w.md
2018/074w.md
2018/075w.md
2018/076w.md
2018/077w.md
2018/078w.md
2018/079w.md
2018/080w.md
2018/081w.md
2018/082w.md
2018/083w.md
2018/084w.md
2018/085w.md
2018/086w.md
2018/087w.md
2018/088w.md
2018/089w.md
2018/090w.md
2019/
2019/091w.md
2019/092w.md
2019/093w.md
2019/094w.md
2019/096w.md
2019/097w.md
2019/098w.md
2019/099w.md
2019/100w.md
2019/101w.md
2019/102w.md
2019/103w.md
2019/104w.md
2019/105w.md
2019/106w.md
2019/107w.md
2019/108w.md
2019/109w.md
2019/110w.md
2019/111w.md
2019/112w.md
2019/113w.md
2019/114w.md
2019/115w.md
2019/116w.md
2019/117w.md
2019/118w.md
2019/119w.md
2019/120w.md
2019/121w_draft.md
2019/122w_draft.md
2019/123w_draft.md
2019/124w_draft.md

sent 2,703,042 bytes  received 4,813 bytes  5,415,710.00 bytes/sec
total size is 2,687,073  speedup is 0.99

	 crt. PATH ===
/opt/www/debuguself/br_duw_pub
On branch duw_pub
Your branch is up-to-date with 'origin/duw_pub'.
Changes not staged for commit:
  (use "git add <file>..." to update what will be committed)
  (use "git checkout -- <file>..." to discard changes in working directory)

	modified:   docs/120w.md
	modified:   docs/2019/120w.md

no changes added to commit (use "git add" and/or "git commit -a")
[duw_pub b39cfcd] ðŸ‘Œ IMPROVE: inv(loc) pubDUW upgraded by du.101.camp (at 190805 2045 42.111)
 2 files changed, 34 insertions(+), 4 deletions(-)
To git@github.com:DebugUself/du4proto.git
   ba92a54..b39cfcd  duw_pub -> duw_pub

	 crt. PATH ===
/opt/www/debuguself/br_duw_pub
cp -rvf ./img ../ghp_duw/docs/
'./img' -> '../ghp_duw/docs/img'
'./img/101camp_bauhaus_v4h420.ico' -> '../ghp_duw/docs/img/101camp_bauhaus_v4h420.ico'
'./img/du_logo_v4_h100.png' -> '../ghp_duw/docs/img/du_logo_v4_h100.png'
'./img/du_logo_v4_h16.png' -> '../ghp_duw/docs/img/du_logo_v4_h16.png'
'./img/du_logo_v4_h32.png' -> '../ghp_duw/docs/img/du_logo_v4_h32.png'
'./img/du_logo_v4_h64.png' -> '../ghp_duw/docs/img/du_logo_v4_h64.png'
'./img/du_logo_v4_h80.png' -> '../ghp_duw/docs/img/du_logo_v4_h80.png'
/opt/www/debuguself/br_duw_pub

	 crt. PATH ===
/opt/www/debuguself/ghp_duw
On branch master
Your branch is up-to-date with 'origin/master'.
Changes not staged for commit:
  (use "git add <file>..." to update what will be committed)
  (use "git checkout -- <file>..." to discard changes in working directory)

	modified:   docs/120w.md
	modified:   docs/2019/120w.md

no changes added to commit (use "git add" and/or "git commit -a")
[master f459604] ðŸ‘Œ IMPROVE: pub(site) build inline by Docute with inv.(at 190805 2045 52.838)
 2 files changed, 34 insertions(+), 4 deletions(-)
To git@github.com:DebugUself/duw.git
   048fe39..f459604  master -> master

	 powded by pubDUW v.190521.1642
/opt/www/debuguself/br_DUW/_trigger/deploy.md
removed '/opt/www/debuguself/br_DUW/_trigger/deploy.md'
total 4.0K
-rw-rw-r-- 1 1.2K Apr 20 11:42 .gitignore

	 crt. PATH ===
/opt/www/debuguself/br_DUW
On branch DUW
Your branch is up-to-date with 'origin/DUW'.
Changes not staged for commit:
  (use "git add/rm <file>..." to update what will be committed)
  (use "git checkout -- <file>..." to discard changes in working directory)

	deleted:    _trigger/deploy.md

no changes added to commit (use "git add" and/or "git commit -a")
[DUW 5d3a7e0] ðŸ› FIX: (pubDUW) recover trigger obj. wait NEXT deploy
 1 file changed, 0 insertions(+), 0 deletions(-)
 delete mode 100644 _trigger/deploy.md
To git@github.com:DebugUself/du4proto.git
   47ccdc7..5d3a7e0  DUW -> DUW
TRIGGER obj. recover -> waiting human deploy again
<<<   clean /opt/www/debuguself/br_DUW/_trigger/deploy.md for next hooksrv act
###::end@ 2019/08/05 20:46:09
^^^^^^^^^^^^^^^^^^^^^^^^^^^^^^^^^^^^^^^^^^^^^^^^
