~~~~~~~~~~~~~~~~~~~~~~~~~~~~~~~~~~~~~~~~~~~~~~~~
###::cron4trig2duw.sh v.200114.2200 crontab action 4 auto publish DUW
###::run@ 2020/05/11 21:19:44
<<<   trigger by /opt/www/debuguself/br_DUW/_trigger/deploy.md 
/opt/www/debuguself

	 crt. PATH ===
/opt/www/debuguself/br_duw_pub
/opt/www/debuguself/br_DUW
/opt/www/debuguself/br_DUW/_trigger

	TRIGGERed by deploy.md exist
auto deplo NOW:
/opt/www/debuguself/br_DUW
/opt/www/debuguself/br_duw_pub/docs
cp -f /opt/www/debuguself/br_DUW/*.md /opt/www/debuguself/br_duw_pub/docs/
cp -rf /opt/www/debuguself/br_DUW/20* /opt/www/debuguself/br_duw_pub/docs/
find /opt/www/debuguself/br_duw_pub/docs -name "*_draft.md"  | xargs rm -vf 
removed '/opt/www/debuguself/br_duw_pub/docs/2020/168w_draft.md'
removed '/opt/www/debuguself/br_duw_pub/docs/2020/170w_draft.md'
removed '/opt/www/debuguself/br_duw_pub/docs/2020/162w_draft.md'
removed '/opt/www/debuguself/br_duw_pub/docs/2020/163w_draft.md'
removed '/opt/www/debuguself/br_duw_pub/docs/2020/165w_draft.md'
removed '/opt/www/debuguself/br_duw_pub/docs/2020/164w_draft.md'
removed '/opt/www/debuguself/br_duw_pub/docs/2020/166w_draft.md'
removed '/opt/www/debuguself/br_duw_pub/docs/2020/167w_draft.md'
removed '/opt/www/debuguself/br_duw_pub/docs/2020/171w_draft.md'
removed '/opt/www/debuguself/br_duw_pub/docs/2020/172w_draft.md'
removed '/opt/www/debuguself/br_duw_pub/docs/2020/169w_draft.md'
removed '/opt/www/debuguself/br_duw_pub/docs/2020/161w_draft.md'

	 powded by blog101CAMP v.200115.1642
'/opt/www/debuguself/br_duw_pub/docs/2019'
start inject
- [ æ€¼å‘¨åˆŠ_v120](120w.md)
- [ æ€¼å‘¨åˆŠ_v131](131w.md)
- [ æ€¼å‘¨åˆŠ_v94](094w.md)
- [ æ€¼å‘¨åˆŠ_v117](117w.md)
- [ æ€¼å‘¨åˆŠ_v133](133w.md)
- [ æ€¼å‘¨åˆŠ_v129](129w.md)
- [ æ€¼å‘¨åˆŠ_v92](092w.md)
- [ æ€¼å‘¨åˆŠ_v96](096w.md)
- [ æ€¼å‘¨åˆŠ_v91](091w.md)
- [ æ€¼å‘¨åˆŠ_v135](135w.md)
- [ æ€¼å‘¨åˆŠ_v93](093w.md)
- [ æ€¼å‘¨åˆŠ_v109](109w.md)
- [ æ€¼å‘¨åˆŠ_v122](122w.md)
- [ æ€¼å‘¨åˆŠ_v137](137w.md)
- [ æ€¼å‘¨åˆŠ_v126](126w.md)
- [ æ€¼å‘¨åˆŠ_v141](141w.md)
- [ æ€¼å‘¨åˆŠ_v132](132w.md)
- [ æ€¼å‘¨åˆŠ_v112](112w.md)
- [ æ€¼å‘¨åˆŠ_v104](104w.md)
- [ æ€¼å‘¨åˆŠ_v106](106w.md)
- [ æ€¼å‘¨åˆŠ_v103](103w.md)
- [ æ€¼å‘¨åˆŠ_v123](123w.md)
- [ æ€¼å‘¨åˆŠ_v140](140w.md)
- [ æ€¼å‘¨åˆŠ_v130](130w.md)
- [ æ€¼å‘¨åˆŠ_v119](119w.md)
- [ æ€¼å‘¨åˆŠ_v99](099w.md)
- [ æ€¼å‘¨åˆŠ_v116](116w.md)
- [ æ€¼å‘¨åˆŠ_v113](113w.md)
- [ æ€¼å‘¨åˆŠ_v138](138w.md)
- [ æ€¼å‘¨åˆŠ_v101](101w.md)
- [ æ€¼å‘¨åˆŠ_v136](136w.md)
- [ æ€¼å‘¨åˆŠ_v114](114w.md)
- [ æ€¼å‘¨åˆŠ_v97](097w.md)
- [ æ€¼å‘¨åˆŠ_v127](127w.md)
- [ æ€¼å‘¨åˆŠ_v125](125w.md)
- [ æ€¼å‘¨åˆŠ_v139](139w.md)
- [ æ€¼å‘¨åˆŠ_v107](107w.md)
- [ æ€¼å‘¨åˆŠ_v121](121w.md)
- [ æ€¼å‘¨åˆŠ_v124](124w.md)
- [ æ€¼å‘¨åˆŠ_v100](100w.md)
- [ æ€¼å‘¨åˆŠ_v105](105w.md)
- [ æ€¼å‘¨åˆŠ_v128](128w.md)
- [ æ€¼å‘¨åˆŠ_v118](118w.md)
- [ æ€¼å‘¨åˆŠ_v102](102w.md)
- [ æ€¼å‘¨åˆŠ_v134](134w.md)
- [ æ€¼å‘¨åˆŠ_v110](110w.md)
- [ æ€¼å‘¨åˆŠ_v115](115w.md)
- [ æ€¼å‘¨åˆŠ_v98](098w.md)
- [ æ€¼å‘¨åˆŠ_v111](111w.md)
- [ æ€¼å‘¨åˆŠ_v108](108w.md)
end inject
'/opt/www/debuguself/br_duw_pub/docs/2017'
start inject
- [ æ€¼å‘¨åˆŠ_v21](021w.md)
- [ æ€¼å‘¨åˆŠ_v40](040w.md)
- [ æ€¼å‘¨åˆŠ_v38](038w.md)
- [ æ€¼å‘¨åˆŠ_v23](023w.md)
- [ æ€¼å‘¨åˆŠ_v15](015w.md)
- [ æ€¼å‘¨åˆŠ_v31](031w.md)
- [ æ€¼å‘¨åˆŠ_v11](011w.md)
- [ æ€¼å‘¨åˆŠ_v33](033w.md)
- [ æ€¼å‘¨åˆŠ_v0](000w.md)
- [ æ€¼å‘¨åˆŠ_v22](022w.md)
- [ æ€¼å‘¨åˆŠ_v13](013w.md)
- [ æ€¼å‘¨åˆŠ_v45](045w.md)
- [ æ€¼å‘¨åˆŠ_v8](008w.md)
- [ æ€¼å‘¨åˆŠ_v50](050w.md)
- [ æ€¼å‘¨åˆŠ_v48](048w.md)
- [ æ€¼å‘¨åˆŠ_v42](042w.md)
- [ æ€¼å‘¨åˆŠ_v30](030w.md)
- [ æ€¼å‘¨åˆŠ_v14 ](014w.md)
- [ æ€¼å‘¨åˆŠ_v24](024w.md)
- [ æ€¼å‘¨åˆŠ_v7](007w.md)
- [ æ€¼å‘¨åˆŠ_v36](036w.md)
- [ æ€¼å‘¨åˆŠ_v19](019w.md)
- [ æ€¼å‘¨åˆŠ_v20](020w.md)
- [ æ€¼å‘¨åˆŠ_v35](035w.md)
- [ æ€¼å‘¨åˆŠ_v1](001w.md)
- [ æ€¼å‘¨åˆŠ_v10](010w.md)
- [ æ€¼å‘¨åˆŠ_v27](027w.md)
- [ æ€¼å‘¨åˆŠ_v25](025w.md)
- [ æ€¼å‘¨åˆŠ_v41](041w.md)
- [ æ€¼å‘¨åˆŠ_v49](049w.md)
- [ æ€¼å‘¨åˆŠ_v4](004w.md)
- [ æ€¼å‘¨åˆŠ_v37](037w.md)
- [ æ€¼å‘¨åˆŠ_v39](039w.md)
- [ æ€¼å‘¨åˆŠ\_v43](043w.md)
- [ æ€¼å‘¨åˆŠ_v26](026w.md)
- [ æ€¼å‘¨åˆŠ_v12](012w.md)
- [ æ€¼å‘¨åˆŠ_v44](044w.md)
- [ æ€¼å‘¨åˆŠ_v2](002w.md)
- [ æ€¼å‘¨åˆŠ_v29](029w.md)
- [ æ€¼å‘¨åˆŠ\_v3](003w.md)
- [ æ€¼å‘¨åˆŠ_v47](047w.md)
- [ æ€¼å‘¨åˆŠ_v34](034w.md)
- [ æ€¼å‘¨åˆŠ_v17](017w.md)
- [ æ€¼å‘¨åˆŠ_v32](032w.md)
- [ æ€¼å‘¨åˆŠ_v28](028w.md)
- [ æ€¼å‘¨åˆŠ_v18](018w.md)
- [ æ€¼å‘¨åˆŠ_v46](046w.md)
- [ æ€¼å‘¨åˆŠ_v16](016w.md)
- [ æ€¼å‘¨åˆŠ_v5](005w.md)
- [ æ€¼å‘¨åˆŠ_v9](009w.md)
- [ æ€¼å‘¨åˆŠ_v6](006w.md)
end inject
'/opt/www/debuguself/br_duw_pub/docs/2020'
start inject
- [ æ€¼å‘¨åˆŠ_v146](146w.md)
- [ æ€¼å‘¨åˆŠ_v147](147w.md)
- [ æ€¼å‘¨åˆŠ_v148](148w.md)
- [ æ€¼å‘¨åˆŠ_v150](150w.md)
- [ æ€¼å‘¨åˆŠ_v156](156w.md)
- [ æ€¼å‘¨åˆŠ_v153](153w.md)
- [ æ€¼å‘¨åˆŠ_v151](151w.md)
- [ æ€¼å‘¨åˆŠ_v144](144w.md)
- [ æ€¼å‘¨åˆŠ_v157](157w.md)
- [ æ€¼å‘¨åˆŠ_v142](142w.md)
- [ æ€¼å‘¨åˆŠ_v145](145w.md)
- [ æ€¼å‘¨åˆŠ_v149](149w.md)
- [ æ€¼å‘¨åˆŠ_v160](160w.md)
- [ æ€¼å‘¨åˆŠ_v155](155w.md)
- [ æ€¼å‘¨åˆŠ_v154](154w.md)
- [ æ€¼å‘¨åˆŠ_v143](143w.md)
- [ æ€¼å‘¨åˆŠ_v159](159w.md)
- [ æ€¼å‘¨åˆŠ_v152](152w.md)
- [ æ€¼å‘¨åˆŠ_v158](158w.md)
end inject
'/opt/www/debuguself/br_duw_pub/docs/2018'
start inject
- [ æ€¼å‘¨åˆŠ_v73](073w.md)
- [ æ€¼å‘¨åˆŠ_v58](058w.md)
- [ æ€¼å‘¨åˆŠ_v67](067w.md)
- [ æ€¼å‘¨åˆŠ_v68](068w.md)
- [ æ€¼å‘¨åˆŠ_v85](085w.md)
- [ æ€¼å‘¨åˆŠ_v88](088w.md)
- [ æ€¼å‘¨åˆŠ_v60](060w.md)
- [ æ€¼å‘¨åˆŠ_v86](086w.md)
- [ æ€¼å‘¨åˆŠ_v59](059w.md)
- [ æ€¼å‘¨åˆŠ_v63](063w.md)
- [ æ€¼å‘¨åˆŠ_v72](072w.md)
- [ æ€¼å‘¨åˆŠ_v79](079w.md)
- [ æ€¼å‘¨åˆŠ_v56](056w.md)
- [ æ€¼å‘¨åˆŠ_v84](084w.md)
- [ æ€¼å‘¨åˆŠ_v80](080w.md)
- [ æ€¼å‘¨åˆŠ_v82](082w.md)
- [ æ€¼å‘¨åˆŠ_v89](089w.md)
- [ æ€¼å‘¨åˆŠ_v87](087w.md)
- [ æ€¼å‘¨åˆŠ_v62](062w.md)
- [ æ€¼å‘¨åˆŠ_v53](053w.md)
- [ æ€¼å‘¨åˆŠ_v54](054w.md)
- [ æ€¼å‘¨åˆŠ_v74](074w.md)
- [ æ€¼å‘¨åˆŠ_v66](066w.md)
- [ æ€¼å‘¨åˆŠ_v52](052w.md)
- [ æ€¼å‘¨åˆŠ_v65](065w.md)
- [ æ€¼å‘¨åˆŠ_v55](055w.md)
- [ æ€¼å‘¨åˆŠ_v77](077w.md)
- [ æ€¼å‘¨åˆŠ_v81](081w.md)
- [ æ€¼å‘¨åˆŠ_v83](083w.md)
- [ æ€¼å‘¨åˆŠ_v90](090w.md)
- [ æ€¼å‘¨åˆŠ_v71](071w.md)
- [ æ€¼å‘¨åˆŠ_v76](076w.md)
- [ æ€¼å‘¨åˆŠ_v78](078w.md)
- [ æ€¼å‘¨åˆŠ_v75](075w.md)
- [ æ€¼å‘¨åˆŠ_v64](064w.md)
- [ æ€¼å‘¨åˆŠ_v51](051w.md)
- [ æ€¼å‘¨åˆŠ_v70](070w.md)
- [ æ€¼å‘¨åˆŠ_v57](057w.md)
- [ æ€¼å‘¨åˆŠ_v69](069w.md)
- [ æ€¼å‘¨åˆŠ_v61](061w.md)
end inject

	 _injector /opt/www/debuguself/br_duw_pub/docs/index.md
start inject
- [ æ€¼å‘¨åˆŠ_v160](2020/160w.md)
- [ æ€¼å‘¨åˆŠ_v159](2020/159w.md)
- [ æ€¼å‘¨åˆŠ_v158](2020/158w.md)
- [ æ€¼å‘¨åˆŠ_v157](2020/157w.md)
- [ æ€¼å‘¨åˆŠ_v156](2020/156w.md)
- [ æ€¼å‘¨åˆŠ_v155](2020/155w.md)
- [ æ€¼å‘¨åˆŠ_v154](2020/154w.md)
end inject
/opt/www/debuguself/br_duw_pub

	 powded by blog101CAMP v.200115.1642
/opt/www/debuguself/br_DUW
/opt/www/debuguself/br_DUW/_trigger/deploy.md
removed '/opt/www/debuguself/br_DUW/_trigger/deploy.md'
total 4.0K
-rw-rw-r-- 1 1.2K Apr 20  2019 .gitignore

	 crt. PATH ===
/opt/www/debuguself/br_DUW
On branch DUW
Your branch is up-to-date with 'origin/DUW'.
Changes not staged for commit:
  (use "git add/rm <file>..." to update what will be committed)
  (use "git checkout -- <file>..." to discard changes in working directory)

	deleted:    _trigger/deploy.md

no changes added to commit (use "git add" and/or "git commit -a")
[DUW 99acc81] ðŸ› FIX: (pubDUW) recover trigger obj. wait NEXT deploy
 1 file changed, 0 insertions(+), 0 deletions(-)
 delete mode 100644 _trigger/deploy.md
To git@github.com:DebugUself/du4proto.git
   85ed253..99acc81  DUW -> DUW
/opt/www/debuguself/br_duw_pub

	 crt. PATH ===
/opt/www/debuguself/br_duw_pub
TRIGGER obj. recover -> waiting human deploy again
/opt/www/debuguself/br_duw_pub
On branch duw_pub
Your branch is up-to-date with 'origin/duw_pub'.
Changes not staged for commit:
  (use "git add <file>..." to update what will be committed)
  (use "git checkout -- <file>..." to discard changes in working directory)

	modified:   docs/2017/index.md
	modified:   docs/2018/index.md
	modified:   docs/2019/112w.md
	modified:   docs/2019/125w.md
	modified:   docs/2019/126w.md
	modified:   docs/2019/128w.md
	modified:   docs/2019/129w.md
	modified:   docs/2019/index.md
	modified:   docs/2020/index.md
	modified:   docs/index.md

Untracked files:
  (use "git add <file>..." to include in what will be committed)

	docs/2020/160w.md

no changes added to commit (use "git add" and/or "git commit -a")
[duw_pub 3291669] ðŸ‘Œ IMPROVE: deploy fresh duw by MkDocs (at 200511 2122 54.898)
 11 files changed, 1235 insertions(+), 915 deletions(-)
 create mode 100644 docs/2020/160w.md
To git@github.com:DebugUself/du4proto.git
   fcb5e20..3291669  duw_pub -> duw_pub
cp: cannot stat 'CNAME': No such file or directory
/opt/www/debuguself
2017
2018
2019
2020
css
index.html
js
license
publish
search
sitemap.xml
sitemap.xml.gz
/opt/www/debuguself/br_duw_pub

	 crt. PATH ===
/opt/www/debuguself/ghp_duw
2017
2018
2019
2020
css
index.html
js
license
publish
search
sitemap.xml
sitemap.xml.gz
On branch master
Your branch is up-to-date with 'origin/master'.
Changes not staged for commit:
  (use "git add <file>..." to update what will be committed)
  (use "git checkout -- <file>..." to discard changes in working directory)

	modified:   2017/index.html
	modified:   2018/index.html
	modified:   2019/index.html
	modified:   2020/index.html
	modified:   index.html
	modified:   search/search_index.json
	modified:   sitemap.xml
	modified:   sitemap.xml.gz

no changes added to commit (use "git add" and/or "git commit -a")
[master 0195894] ðŸ‘Œ IMPROVE: pub.(duw) gen. by MkDocs as invoke (at 200511 2125 15.178)
 8 files changed, 128 insertions(+), 127 deletions(-)
To git@github.com:DebugUself/duw.git
   e44b546..0195894  master -> master

	 powded by blog101CAMP v.200115.1642
###::end@ 2020/05/11 21:26:07
^^^^^^^^^^^^^^^^^^^^^^^^^^^^^^^^^^^^^^^^^^^^^^^^
