~~~~~~~~~~~~~~~~~~~~~~~~~~~~~~~~~~~~~~~~~~~~~~~~
###::cron4trig2duw.sh v.200114.2200 crontab action 4 auto publish DUW
###::run@ 2020/01/15 16:45:19
<<<   trigger by /opt/www/debuguself/br_DUW/_trigger/deploy.md 
/opt/www/debuguself

	 crt. PATH ===
/opt/www/debuguself/br_duw_pub
/opt/www/debuguself/br_DUW
/opt/www/debuguself/br_DUW/_trigger

	TRIGGERed by deploy.md exist
auto deplo NOW:
/opt/www/debuguself/br_DUW
/opt/www/debuguself/br_duw_pub/docs
cp -f /opt/www/debuguself/br_DUW/*.md /opt/www/debuguself/br_duw_pub/docs/
cp -rf /opt/www/debuguself/br_DUW/20* /opt/www/debuguself/br_duw_pub/docs/
find /opt/www/debuguself/br_duw_pub/docs -name "*_draft.md"  | xargs rm -vf 
removed '/opt/www/debuguself/br_duw_pub/docs/2020/147w_draft.md'
removed '/opt/www/debuguself/br_duw_pub/docs/2020/148w_draft.md'
removed '/opt/www/debuguself/br_duw_pub/docs/2020/145w_draft.md'
removed '/opt/www/debuguself/br_duw_pub/docs/2020/146w_draft.md'
removed '/opt/www/debuguself/br_duw_pub/docs/2020/149w_draft.md'
removed '/opt/www/debuguself/br_duw_pub/docs/2020/144w_draft.md'

	 powded by blog101CAMP v.200114.2142
'/opt/www/debuguself/br_duw_pub/docs/2019'
[]
start inject
- [ æ€¼å‘¨åˆŠ_v120](120w.md)
- [ æ€¼å‘¨åˆŠ_v131](131w.md)
- [ æ€¼å‘¨åˆŠ_v94](094w.md)
- [ æ€¼å‘¨åˆŠ_v117](117w.md)
- [ æ€¼å‘¨åˆŠ_v133](133w.md)
- [ æ€¼å‘¨åˆŠ_v129](129w.md)
- [ æ€¼å‘¨åˆŠ_v92](092w.md)
- [ æ€¼å‘¨åˆŠ_v96](096w.md)
- [ æ€¼å‘¨åˆŠ_v91](091w.md)
- [ æ€¼å‘¨åˆŠ_v135](135w.md)
- [ æ€¼å‘¨åˆŠ_v93](093w.md)
- [ æ€¼å‘¨åˆŠ_v109](109w.md)
- [ æ€¼å‘¨åˆŠ_v122](122w.md)
- [ æ€¼å‘¨åˆŠ_v137](137w.md)
- [ æ€¼å‘¨åˆŠ_v126](126w.md)
- [ æ€¼å‘¨åˆŠ_v141](141w.md)
- [ æ€¼å‘¨åˆŠ_v132](132w.md)
- [ æ€¼å‘¨åˆŠ_v112](112w.md)
- [ æ€¼å‘¨åˆŠ_v104](104w.md)
- [ æ€¼å‘¨åˆŠ_v106](106w.md)
- [ æ€¼å‘¨åˆŠ_v103](103w.md)
- [ æ€¼å‘¨åˆŠ_v123](123w.md)
- [ æ€¼å‘¨åˆŠ_v140](140w.md)
- [ æ€¼å‘¨åˆŠ_v130](130w.md)
- [ æ€¼å‘¨åˆŠ_v119](119w.md)
- [ æ€¼å‘¨åˆŠ_v99](099w.md)
- [ æ€¼å‘¨åˆŠ_v116](116w.md)
- [ æ€¼å‘¨åˆŠ_v113](113w.md)
- [ æ€¼å‘¨åˆŠ_v138](138w.md)
- [ æ€¼å‘¨åˆŠ_v101](101w.md)
- [ æ€¼å‘¨åˆŠ_v136](136w.md)
- [ æ€¼å‘¨åˆŠ_v114](114w.md)
- [ æ€¼å‘¨åˆŠ_v97](097w.md)
- [ æ€¼å‘¨åˆŠ_v127](127w.md)
- [ æ€¼å‘¨åˆŠ_v125](125w.md)
- [ æ€¼å‘¨åˆŠ_v139](139w.md)
- [ æ€¼å‘¨åˆŠ_v107](107w.md)
- [ æ€¼å‘¨åˆŠ_v121](121w.md)
- [ æ€¼å‘¨åˆŠ_v124](124w.md)
- [ æ€¼å‘¨åˆŠ_v100](100w.md)
- [ æ€¼å‘¨åˆŠ_v105](105w.md)
- [ æ€¼å‘¨åˆŠ_v128](128w.md)
- [ æ€¼å‘¨åˆŠ_v118](118w.md)
- [ æ€¼å‘¨åˆŠ_v102](102w.md)
- [ æ€¼å‘¨åˆŠ_v134](134w.md)
- [ æ€¼å‘¨åˆŠ_v110](110w.md)
- [ æ€¼å‘¨åˆŠ_v115](115w.md)
- [ æ€¼å‘¨åˆŠ_v98](098w.md)
- [ æ€¼å‘¨åˆŠ_v111](111w.md)
- [ æ€¼å‘¨åˆŠ_v108](108w.md)
end inject
'/opt/www/debuguself/br_duw_pub/docs/2017'
[]
start inject
- [ æ€¼å‘¨åˆŠ_v21](021w.md)
- [ æ€¼å‘¨åˆŠ_v40](040w.md)
- [ æ€¼å‘¨åˆŠ_v38](038w.md)
- [ æ€¼å‘¨åˆŠ_v23](023w.md)
- [ æ€¼å‘¨åˆŠ_v15](015w.md)
- [ æ€¼å‘¨åˆŠ_v31](031w.md)
- [ æ€¼å‘¨åˆŠ_v11](011w.md)
- [ æ€¼å‘¨åˆŠ_v33](033w.md)
- [ æ€¼å‘¨åˆŠ_v0](000w.md)
- [ æ€¼å‘¨åˆŠ_v22](022w.md)
- [ æ€¼å‘¨åˆŠ_v13](013w.md)
- [ æ€¼å‘¨åˆŠ_v45](045w.md)
- [ æ€¼å‘¨åˆŠ_v8](008w.md)
- [ æ€¼å‘¨åˆŠ_v50](050w.md)
- [ æ€¼å‘¨åˆŠ_v48](048w.md)
- [ æ€¼å‘¨åˆŠ_v42](042w.md)
- [ æ€¼å‘¨åˆŠ_v30](030w.md)
- [ æ€¼å‘¨åˆŠ_v14 ](014w.md)
- [ æ€¼å‘¨åˆŠ_v24](024w.md)
- [ æ€¼å‘¨åˆŠ_v7](007w.md)
- [ æ€¼å‘¨åˆŠ_v36](036w.md)
- [ æ€¼å‘¨åˆŠ_v19](019w.md)
- [ æ€¼å‘¨åˆŠ_v20](020w.md)
- [ æ€¼å‘¨åˆŠ_v35](035w.md)
- [ æ€¼å‘¨åˆŠ_v1](001w.md)
- [ æ€¼å‘¨åˆŠ_v10](010w.md)
- [ æ€¼å‘¨åˆŠ_v27](027w.md)
- [ æ€¼å‘¨åˆŠ_v25](025w.md)
- [ æ€¼å‘¨åˆŠ_v41](041w.md)
- [ æ€¼å‘¨åˆŠ_v49](049w.md)
- [ æ€¼å‘¨åˆŠ_v4](004w.md)
- [ æ€¼å‘¨åˆŠ_v37](037w.md)
- [ æ€¼å‘¨åˆŠ_v39](039w.md)
- [ æ€¼å‘¨åˆŠ\_v43](043w.md)
- [ æ€¼å‘¨åˆŠ_v26](026w.md)
- [ æ€¼å‘¨åˆŠ_v12](012w.md)
- [ æ€¼å‘¨åˆŠ_v44](044w.md)
- [ æ€¼å‘¨åˆŠ_v2](002w.md)
- [ æ€¼å‘¨åˆŠ_v29](029w.md)
- [ æ€¼å‘¨åˆŠ\_v3](003w.md)
- [ æ€¼å‘¨åˆŠ_v47](047w.md)
- [ æ€¼å‘¨åˆŠ_v34](034w.md)
- [ æ€¼å‘¨åˆŠ_v17](017w.md)
- [ æ€¼å‘¨åˆŠ_v32](032w.md)
- [ æ€¼å‘¨åˆŠ_v28](028w.md)
- [ æ€¼å‘¨åˆŠ_v18](018w.md)
- [ æ€¼å‘¨åˆŠ_v46](046w.md)
- [ æ€¼å‘¨åˆŠ_v16](016w.md)
- [ æ€¼å‘¨åˆŠ_v5](005w.md)
- [ æ€¼å‘¨åˆŠ_v9](009w.md)
- [ æ€¼å‘¨åˆŠ_v6](006w.md)
end inject
'/opt/www/debuguself/br_duw_pub/docs/2020'
[]
start inject
- [ æ€¼å‘¨åˆŠ_v142](142w.md)
- [ æ€¼å‘¨åˆŠ_v143](143w.md)
end inject
'/opt/www/debuguself/br_duw_pub/docs/2018'
[]
start inject
- [ æ€¼å‘¨åˆŠ_v73](073w.md)
- [ æ€¼å‘¨åˆŠ_v58](058w.md)
- [ æ€¼å‘¨åˆŠ_v67](067w.md)
- [ æ€¼å‘¨åˆŠ_v68](068w.md)
- [ æ€¼å‘¨åˆŠ_v85](085w.md)
- [ æ€¼å‘¨åˆŠ_v88](088w.md)
- [ æ€¼å‘¨åˆŠ_v60](060w.md)
- [ æ€¼å‘¨åˆŠ_v86](086w.md)
- [ æ€¼å‘¨åˆŠ_v59](059w.md)
- [ æ€¼å‘¨åˆŠ_v63](063w.md)
- [ æ€¼å‘¨åˆŠ_v72](072w.md)
- [ æ€¼å‘¨åˆŠ_v79](079w.md)
- [ æ€¼å‘¨åˆŠ_v56](056w.md)
- [ æ€¼å‘¨åˆŠ_v84](084w.md)
- [ æ€¼å‘¨åˆŠ_v80](080w.md)
- [ æ€¼å‘¨åˆŠ_v82](082w.md)
- [ æ€¼å‘¨åˆŠ_v89](089w.md)
- [ æ€¼å‘¨åˆŠ_v87](087w.md)
- [ æ€¼å‘¨åˆŠ_v62](062w.md)
- [ æ€¼å‘¨åˆŠ_v53](053w.md)
- [ æ€¼å‘¨åˆŠ_v54](054w.md)
- [ æ€¼å‘¨åˆŠ_v74](074w.md)
- [ æ€¼å‘¨åˆŠ_v66](066w.md)
- [ æ€¼å‘¨åˆŠ_v52](052w.md)
- [ æ€¼å‘¨åˆŠ_v65](065w.md)
- [ æ€¼å‘¨åˆŠ_v55](055w.md)
- [ æ€¼å‘¨åˆŠ_v77](077w.md)
- [ æ€¼å‘¨åˆŠ_v81](081w.md)
- [ æ€¼å‘¨åˆŠ_v83](083w.md)
- [ æ€¼å‘¨åˆŠ_v90](090w.md)
- [ æ€¼å‘¨åˆŠ_v71](071w.md)
- [ æ€¼å‘¨åˆŠ_v76](076w.md)
- [ æ€¼å‘¨åˆŠ_v78](078w.md)
- [ æ€¼å‘¨åˆŠ_v75](075w.md)
- [ æ€¼å‘¨åˆŠ_v64](064w.md)
- [ æ€¼å‘¨åˆŠ_v51](051w.md)
- [ æ€¼å‘¨åˆŠ_v70](070w.md)
- [ æ€¼å‘¨åˆŠ_v57](057w.md)
- [ æ€¼å‘¨åˆŠ_v69](069w.md)
- [ æ€¼å‘¨åˆŠ_v61](061w.md)
end inject
[('143', '- [ æ€¼å‘¨åˆŠ_v143](2020/143w.md)'),
 ('142', '- [ æ€¼å‘¨åˆŠ_v142](2020/142w.md)'),
 ('141', '- [ æ€¼å‘¨åˆŠ_v141](2019/141w.md)'),
 ('140', '- [ æ€¼å‘¨åˆŠ_v140](2019/140w.md)'),
 ('139', '- [ æ€¼å‘¨åˆŠ_v139](2019/139w.md)'),
 ('138', '- [ æ€¼å‘¨åˆŠ_v138](2019/138w.md)'),
 ('137', '- [ æ€¼å‘¨åˆŠ_v137](2019/137w.md)')]

	 _injector /opt/www/debuguself/br_duw_pub/docs/index.md
start inject
- [ æ€¼å‘¨åˆŠ_v143](2020/143w.md)
- [ æ€¼å‘¨åˆŠ_v142](2020/142w.md)
- [ æ€¼å‘¨åˆŠ_v141](2019/141w.md)
- [ æ€¼å‘¨åˆŠ_v140](2019/140w.md)
- [ æ€¼å‘¨åˆŠ_v139](2019/139w.md)
- [ æ€¼å‘¨åˆŠ_v138](2019/138w.md)
- [ æ€¼å‘¨åˆŠ_v137](2019/137w.md)
end inject
/opt/www/debuguself/br_duw_pub

	 powded by blog101CAMP v.200114.2142
/opt/www/debuguself/br_DUW
/opt/www/debuguself/br_DUW/_trigger/deploy.md
removed '/opt/www/debuguself/br_DUW/_trigger/deploy.md'
total 4.0K
-rw-rw-r-- 1 1.2K Apr 20  2019 .gitignore

	 crt. PATH ===
/opt/www/debuguself/br_DUW
On branch DUW
Your branch is up-to-date with 'origin/DUW'.
Changes not staged for commit:
  (use "git add/rm <file>..." to update what will be committed)
  (use "git checkout -- <file>..." to discard changes in working directory)

	deleted:    _trigger/deploy.md

no changes added to commit (use "git add" and/or "git commit -a")
[DUW b831a51] ðŸ› FIX: (pubDUW) recover trigger obj. wait NEXT deploy
 1 file changed, 1 deletion(-)
 delete mode 100644 _trigger/deploy.md
To git@github.com:DebugUself/du4proto.git
   eb45712..b831a51  DUW -> DUW
/opt/www/debuguself/br_duw_pub

	 crt. PATH ===
/opt/www/debuguself/br_duw_pub
TRIGGER obj. recover -> waiting human deploy again
/opt/www/debuguself/br_duw_pub
On branch duw_pub
Your branch is up-to-date with 'origin/duw_pub'.
Changes not staged for commit:
  (use "git add <file>..." to update what will be committed)
  (use "git checkout -- <file>..." to discard changes in working directory)

	modified:   docs/2017/014w.md
	modified:   docs/2017/index.md
	modified:   docs/2018/index.md
	modified:   docs/2019/index.md
	modified:   docs/2020/index.md
	modified:   docs/index.md

no changes added to commit (use "git add" and/or "git commit -a")
[duw_pub 713a5e3] ðŸ‘Œ IMPROVE: deploy fresh duw by MkDocs (at 200115 1645 34.200)
 6 files changed, 7 insertions(+), 7 deletions(-)
To git@github.com:DebugUself/du4proto.git
   443a172..713a5e3  duw_pub -> duw_pub
cp: cannot stat 'CNAME': No such file or directory
/opt/www/debuguself
141w
2017
2018
2019
2020
css
index.html
js
license
publish
search
sitemap.xml
sitemap.xml.gz
/opt/www/debuguself/br_duw_pub

	 crt. PATH ===
/opt/www/debuguself/ghp_duw
141w
2017
2018
2019
2020
css
index.html
js
license
publish
search
sitemap.xml
sitemap.xml.gz
On branch master
Your branch is up-to-date with 'origin/master'.
Changes not staged for commit:
  (use "git add <file>..." to update what will be committed)
  (use "git checkout -- <file>..." to discard changes in working directory)

	modified:   141w/index.html
	modified:   2017/000w/index.html
	modified:   2017/001w/index.html
	modified:   2017/002w/index.html
	modified:   2017/003w/index.html
	modified:   2017/004w/index.html
	modified:   2017/005w/index.html
	modified:   2017/006w/index.html
	modified:   2017/007w/index.html
	modified:   2017/008w/index.html
	modified:   2017/009w/index.html
	modified:   2017/010w/index.html
	modified:   2017/011w/index.html
	modified:   2017/012w/index.html
	modified:   2017/013w/index.html
	modified:   2017/014w/index.html
	modified:   2017/015w/index.html
	modified:   2017/016w/index.html
	modified:   2017/017w/index.html
	modified:   2017/018w/index.html
	modified:   2017/019w/index.html
	modified:   2017/020w/index.html
	modified:   2017/021w/index.html
	modified:   2017/022w/index.html
	modified:   2017/023w/index.html
	modified:   2017/024w/index.html
	modified:   2017/025w/index.html
	modified:   2017/026w/index.html
	modified:   2017/027w/index.html
	modified:   2017/028w/index.html
	modified:   2017/029w/index.html
	modified:   2017/030w/index.html
	modified:   2017/031w/index.html
	modified:   2017/032w/index.html
	modified:   2017/033w/index.html
	modified:   2017/034w/index.html
	modified:   2017/035w/index.html
	modified:   2017/036w/index.html
	modified:   2017/037w/index.html
	modified:   2017/038w/index.html
	modified:   2017/039w/index.html
	modified:   2017/040w/index.html
	modified:   2017/041w/index.html
	modified:   2017/042w/index.html
	modified:   2017/043w/index.html
	modified:   2017/044w/index.html
	modified:   2017/045w/index.html
	modified:   2017/046w/index.html
	modified:   2017/047w/index.html
	modified:   2017/048w/index.html
	modified:   2017/049w/index.html
	modified:   2017/050w/index.html
	modified:   2017/index.html
	modified:   2018/051w/index.html
	modified:   2018/052w/index.html
	modified:   2018/053w/index.html
	modified:   2018/054w/index.html
	modified:   2018/055w/index.html
	modified:   2018/056w/index.html
	modified:   2018/057w/index.html
	modified:   2018/058w/index.html
	modified:   2018/059w/index.html
	modified:   2018/060w/index.html
	modified:   2018/061w/index.html
	modified:   2018/062w/index.html
	modified:   2018/063w/index.html
	modified:   2018/064w/index.html
	modified:   2018/065w/index.html
	modified:   2018/066w/index.html
	modified:   2018/067w/index.html
	modified:   2018/068w/index.html
	modified:   2018/069w/index.html
	modified:   2018/070w/index.html
	modified:   2018/071w/index.html
	modified:   2018/072w/index.html
	modified:   2018/073w/index.html
	modified:   2018/074w/index.html
	modified:   2018/075w/index.html
	modified:   2018/076w/index.html
	modified:   2018/077w/index.html
	modified:   2018/078w/index.html
	modified:   2018/079w/index.html
	modified:   2018/080w/index.html
	modified:   2018/081w/index.html
	modified:   2018/082w/index.html
	modified:   2018/083w/index.html
	modified:   2018/084w/index.html
	modified:   2018/085w/index.html
	modified:   2018/086w/index.html
	modified:   2018/087w/index.html
	modified:   2018/088w/index.html
	modified:   2018/089w/index.html
	modified:   2018/090w/index.html
	modified:   2018/index.html
	modified:   2019/091w/index.html
	modified:   2019/092w/index.html
	modified:   2019/093w/index.html
	modified:   2019/094w/index.html
	modified:   2019/096w/index.html
	modified:   2019/097w/index.html
	modified:   2019/098w/index.html
	modified:   2019/099w/index.html
	modified:   2019/100w/index.html
	modified:   2019/101w/index.html
	modified:   2019/102w/index.html
	modified:   2019/103w/index.html
	modified:   2019/104w/index.html
	modified:   2019/105w/index.html
	modified:   2019/106w/index.html
	modified:   2019/107w/index.html
	modified:   2019/108w/index.html
	modified:   2019/109w/index.html
	modified:   2019/110w/index.html
	modified:   2019/111w/index.html
	modified:   2019/112w/index.html
	modified:   2019/113w/index.html
	modified:   2019/114w/index.html
	modified:   2019/115w/index.html
	modified:   2019/116w/index.html
	modified:   2019/117w/index.html
	modified:   2019/118w/index.html
	modified:   2019/119w/index.html
	modified:   2019/120w/index.html
	modified:   2019/121w/index.html
	modified:   2019/122w/index.html
	modified:   2019/123w/index.html
	modified:   2019/124w/index.html
	modified:   2019/125w/index.html
	modified:   2019/126w/index.html
	modified:   2019/127w/index.html
	modified:   2019/128w/index.html
	modified:   2019/129w/index.html
	modified:   2019/130w/index.html
	modified:   2019/131w/index.html
	modified:   2019/132w/index.html
	modified:   2019/133w/index.html
	modified:   2019/134w/index.html
	modified:   2019/135w/index.html
	modified:   2019/136w/index.html
	modified:   2019/137w/index.html
	modified:   2019/138w/index.html
	modified:   2019/139w/index.html
	modified:   2019/140w/index.html
	modified:   2019/141w/index.html
	modified:   2019/index.html
	modified:   2020/142w/index.html
	modified:   2020/143w/index.html
	modified:   2020/index.html
	modified:   index.html
	modified:   license/index.html
	modified:   publish/index.html
	modified:   search/search_index.json
	modified:   sitemap.xml.gz

no changes added to commit (use "git add" and/or "git commit -a")
[master c84e30b] ðŸ‘Œ IMPROVE: pub.(duw) gen. by MkDocs as invoke (at 200115 1645 42.382)
 153 files changed, 160 insertions(+), 160 deletions(-)
 rewrite search/search_index.json (62%)
To git@github.com:DebugUself/duw.git
   44c11d9..c84e30b  master -> master

	 powded by blog101CAMP v.200114.2142
###::end@ 2020/01/15 16:45:55
^^^^^^^^^^^^^^^^^^^^^^^^^^^^^^^^^^^^^^^^^^^^^^^^
