~~~~~~~~~~~~~~~~~~~~~~~~~~~~~~~~~~~~~~~~~~~~~~~~
###::cron4trig2duw.sh v-190517.1142 crontab action 4 auto publish DUW
###::run@ 2019/05/21 16:44:01
<<<   trigger by /opt/www/debuguself/_trigger4deploy.log 
Courtesy Notice: Pipenv found itself running within a virtual environment, so it will automatically use that environment, instead of creating its own for any project. You can set PIPENV_IGNORE_VIRTUALENVS=1 to force pipenv to ignore that environment and create its own instead. You can set PIPENV_VERBOSITY=-1 to suppress this warning.
Available tasks:

  bu    build all local doc -> site
  gh    jump into ln -s -> site push all bulited static pages
  pl    pull all necessary change AT FIRST...
  pu    push all local fix into content rep.
  pub   MAIN COMMAND -> SEQUENCE RUN ALL NEED ACTS PUBLISH SITE
  ver


	 crt. PATH ===
/opt/www/debuguself/br_DUW
On branch DUW
Your branch is up-to-date with 'origin/DUW'.
nothing to commit, working directory clean
From github.com:DebugUself/du4proto
   bb37665..a2f98fa  DUW        -> origin/DUW
Updating bb37665..a2f98fa
Fast-forward
 2017/000w.md | 12 ++++++------
 2017/001w.md | 12 ++++++------
 2017/002w.md | 12 ++++++------
 2017/003w.md | 12 ++++++------
 2017/004w.md | 12 ++++++------
 2017/005w.md | 12 ++++++------
 2017/006w.md | 12 ++++++------
 2017/007w.md | 12 ++++++------
 2017/008w.md | 10 +++++-----
 2017/009w.md | 12 ++++++------
 2017/010w.md | 14 +++++++-------
 2017/011w.md | 14 +++++++-------
 2017/012w.md | 14 +++++++-------
 2017/013w.md | 14 +++++++-------
 2017/014w.md | 32 ++++++++++++++++----------------
 2017/015w.md | 12 ++++++------
 2017/016w.md | 14 +++++++-------
 2017/017w.md | 22 +++++++++++-----------
 2017/018w.md | 14 +++++++-------
 2017/019w.md | 14 +++++++-------
 2017/020w.md | 24 ++++++++++++------------
 2017/021w.md | 14 +++++++-------
 2017/022w.md | 14 +++++++-------
 2017/023w.md | 14 +++++++-------
 2017/024w.md | 14 +++++++-------
 2017/025w.md | 14 +++++++-------
 2017/026w.md | 14 +++++++-------
 2017/027w.md | 14 +++++++-------
 2017/028w.md | 14 +++++++-------
 2017/029w.md | 16 ++++++++--------
 2017/030w.md | 14 +++++++-------
 2017/031w.md | 14 +++++++-------
 2017/032w.md | 14 +++++++-------
 2017/033w.md | 14 +++++++-------
 2017/034w.md | 14 +++++++-------
 2017/035w.md | 14 +++++++-------
 2017/036w.md | 14 +++++++-------
 2017/037w.md | 14 +++++++-------
 2017/038w.md | 14 +++++++-------
 2017/039w.md | 14 +++++++-------
 2017/040w.md | 14 +++++++-------
 2017/041w.md | 14 +++++++-------
 2017/042w.md | 14 +++++++-------
 2017/043w.md | 14 +++++++-------
 2017/044w.md | 14 +++++++-------
 2017/045w.md | 14 +++++++-------
 2017/046w.md | 14 +++++++-------
 2017/047w.md | 14 +++++++-------
 2017/048w.md | 14 +++++++-------
 2017/049w.md | 14 +++++++-------
 2017/050w.md | 14 +++++++-------
 51 files changed, 364 insertions(+), 364 deletions(-)

	 crt. PATH ===
/opt/www/debuguself/ghp_duw
On branch master
Your branch is up-to-date with 'origin/master'.
nothing to commit, working directory clean
From github.com:DebugUself/duw
   9bdb228..885d1f3  master     -> origin/master
   ba31be4..7a99001  logging    -> origin/logging
Updating 9bdb228..885d1f3
Fast-forward
 docs/000w.md      | 12 ++++++------
 docs/001w.md      | 12 ++++++------
 docs/002w.md      | 12 ++++++------
 docs/003w.md      | 12 ++++++------
 docs/004w.md      | 12 ++++++------
 docs/005w.md      | 12 ++++++------
 docs/006w.md      | 12 ++++++------
 docs/007w.md      | 12 ++++++------
 docs/008w.md      | 10 +++++-----
 docs/009w.md      | 12 ++++++------
 docs/010w.md      | 14 +++++++-------
 docs/011w.md      | 14 +++++++-------
 docs/012w.md      | 14 +++++++-------
 docs/013w.md      | 14 +++++++-------
 docs/014w.md      | 32 ++++++++++++++++----------------
 docs/015w.md      | 12 ++++++------
 docs/016w.md      | 14 +++++++-------
 docs/017w.md      | 22 +++++++++++-----------
 docs/018w.md      | 14 +++++++-------
 docs/019w.md      | 14 +++++++-------
 docs/020w.md      | 24 ++++++++++++------------
 docs/021w.md      | 14 +++++++-------
 docs/022w.md      | 14 +++++++-------
 docs/023w.md      | 14 +++++++-------
 docs/024w.md      | 14 +++++++-------
 docs/025w.md      | 14 +++++++-------
 docs/026w.md      | 14 +++++++-------
 docs/027w.md      | 14 +++++++-------
 docs/028w.md      | 14 +++++++-------
 docs/029w.md      | 16 ++++++++--------
 docs/030w.md      | 14 +++++++-------
 docs/031w.md      | 14 +++++++-------
 docs/032w.md      | 14 +++++++-------
 docs/033w.md      | 14 +++++++-------
 docs/034w.md      | 14 +++++++-------
 docs/035w.md      | 14 +++++++-------
 docs/036w.md      | 14 +++++++-------
 docs/037w.md      | 14 +++++++-------
 docs/038w.md      | 14 +++++++-------
 docs/039w.md      | 14 +++++++-------
 docs/040w.md      | 14 +++++++-------
 docs/041w.md      | 14 +++++++-------
 docs/042w.md      | 14 +++++++-------
 docs/043w.md      | 14 +++++++-------
 docs/044w.md      | 14 +++++++-------
 docs/045w.md      | 14 +++++++-------
 docs/046w.md      | 14 +++++++-------
 docs/047w.md      | 14 +++++++-------
 docs/048w.md      | 14 +++++++-------
 docs/049w.md      | 14 +++++++-------
 docs/050w.md      | 14 +++++++-------
 docs/2017/000w.md | 12 ++++++------
 docs/2017/001w.md | 12 ++++++------
 docs/2017/002w.md | 12 ++++++------
 docs/2017/003w.md | 12 ++++++------
 docs/2017/004w.md | 12 ++++++------
 docs/2017/005w.md | 12 ++++++------
 docs/2017/006w.md | 12 ++++++------
 docs/2017/007w.md | 12 ++++++------
 docs/2017/008w.md | 10 +++++-----
 docs/2017/009w.md | 12 ++++++------
 docs/2017/010w.md | 14 +++++++-------
 docs/2017/011w.md | 14 +++++++-------
 docs/2017/012w.md | 14 +++++++-------
 docs/2017/013w.md | 14 +++++++-------
 docs/2017/014w.md | 32 ++++++++++++++++----------------
 docs/2017/015w.md | 12 ++++++------
 docs/2017/016w.md | 14 +++++++-------
 docs/2017/017w.md | 22 +++++++++++-----------
 docs/2017/018w.md | 14 +++++++-------
 docs/2017/019w.md | 14 +++++++-------
 docs/2017/020w.md | 24 ++++++++++++------------
 docs/2017/021w.md | 14 +++++++-------
 docs/2017/022w.md | 14 +++++++-------
 docs/2017/023w.md | 14 +++++++-------
 docs/2017/024w.md | 14 +++++++-------
 docs/2017/025w.md | 14 +++++++-------
 docs/2017/026w.md | 14 +++++++-------
 docs/2017/027w.md | 14 +++++++-------
 docs/2017/028w.md | 14 +++++++-------
 docs/2017/029w.md | 16 ++++++++--------
 docs/2017/030w.md | 14 +++++++-------
 docs/2017/031w.md | 14 +++++++-------
 docs/2017/032w.md | 14 +++++++-------
 docs/2017/033w.md | 14 +++++++-------
 docs/2017/034w.md | 14 +++++++-------
 docs/2017/035w.md | 14 +++++++-------
 docs/2017/036w.md | 14 +++++++-------
 docs/2017/037w.md | 14 +++++++-------
 docs/2017/038w.md | 14 +++++++-------
 docs/2017/039w.md | 14 +++++++-------
 docs/2017/040w.md | 14 +++++++-------
 docs/2017/041w.md | 14 +++++++-------
 docs/2017/042w.md | 14 +++++++-------
 docs/2017/043w.md | 14 +++++++-------
 docs/2017/044w.md | 14 +++++++-------
 docs/2017/045w.md | 14 +++++++-------
 docs/2017/046w.md | 14 +++++++-------
 docs/2017/047w.md | 14 +++++++-------
 docs/2017/048w.md | 14 +++++++-------
 docs/2017/049w.md | 14 +++++++-------
 docs/2017/050w.md | 14 +++++++-------
 102 files changed, 728 insertions(+), 728 deletions(-)

	 crt. PATH ===
/opt/www/debuguself/br_duw_pub
On branch duw_pub
Your branch is up-to-date with 'origin/duw_pub'.
nothing to commit, working directory clean
From github.com:DebugUself/du4proto
   3670f4e..6f3d34a  duw_pub    -> origin/duw_pub
Updating 3670f4e..6f3d34a
Fast-forward
 docs/000w.md      | 12 ++++++------
 docs/001w.md      | 12 ++++++------
 docs/002w.md      | 12 ++++++------
 docs/003w.md      | 12 ++++++------
 docs/004w.md      | 12 ++++++------
 docs/005w.md      | 12 ++++++------
 docs/006w.md      | 12 ++++++------
 docs/007w.md      | 12 ++++++------
 docs/008w.md      | 10 +++++-----
 docs/009w.md      | 12 ++++++------
 docs/010w.md      | 14 +++++++-------
 docs/011w.md      | 14 +++++++-------
 docs/012w.md      | 14 +++++++-------
 docs/013w.md      | 14 +++++++-------
 docs/014w.md      | 32 ++++++++++++++++----------------
 docs/015w.md      | 12 ++++++------
 docs/016w.md      | 14 +++++++-------
 docs/017w.md      | 22 +++++++++++-----------
 docs/018w.md      | 14 +++++++-------
 docs/019w.md      | 14 +++++++-------
 docs/020w.md      | 24 ++++++++++++------------
 docs/021w.md      | 14 +++++++-------
 docs/022w.md      | 14 +++++++-------
 docs/023w.md      | 14 +++++++-------
 docs/024w.md      | 14 +++++++-------
 docs/025w.md      | 14 +++++++-------
 docs/026w.md      | 14 +++++++-------
 docs/027w.md      | 14 +++++++-------
 docs/028w.md      | 14 +++++++-------
 docs/029w.md      | 16 ++++++++--------
 docs/030w.md      | 14 +++++++-------
 docs/031w.md      | 14 +++++++-------
 docs/032w.md      | 14 +++++++-------
 docs/033w.md      | 14 +++++++-------
 docs/034w.md      | 14 +++++++-------
 docs/035w.md      | 14 +++++++-------
 docs/036w.md      | 14 +++++++-------
 docs/037w.md      | 14 +++++++-------
 docs/038w.md      | 14 +++++++-------
 docs/039w.md      | 14 +++++++-------
 docs/040w.md      | 14 +++++++-------
 docs/041w.md      | 14 +++++++-------
 docs/042w.md      | 14 +++++++-------
 docs/043w.md      | 14 +++++++-------
 docs/044w.md      | 14 +++++++-------
 docs/045w.md      | 14 +++++++-------
 docs/046w.md      | 14 +++++++-------
 docs/047w.md      | 14 +++++++-------
 docs/048w.md      | 14 +++++++-------
 docs/049w.md      | 14 +++++++-------
 docs/050w.md      | 14 +++++++-------
 docs/2017/000w.md | 12 ++++++------
 docs/2017/001w.md | 12 ++++++------
 docs/2017/002w.md | 12 ++++++------
 docs/2017/003w.md | 12 ++++++------
 docs/2017/004w.md | 12 ++++++------
 docs/2017/005w.md | 12 ++++++------
 docs/2017/006w.md | 12 ++++++------
 docs/2017/007w.md | 12 ++++++------
 docs/2017/008w.md | 10 +++++-----
 docs/2017/009w.md | 12 ++++++------
 docs/2017/010w.md | 14 +++++++-------
 docs/2017/011w.md | 14 +++++++-------
 docs/2017/012w.md | 14 +++++++-------
 docs/2017/013w.md | 14 +++++++-------
 docs/2017/014w.md | 32 ++++++++++++++++----------------
 docs/2017/015w.md | 12 ++++++------
 docs/2017/016w.md | 14 +++++++-------
 docs/2017/017w.md | 22 +++++++++++-----------
 docs/2017/018w.md | 14 +++++++-------
 docs/2017/019w.md | 14 +++++++-------
 docs/2017/020w.md | 24 ++++++++++++------------
 docs/2017/021w.md | 14 +++++++-------
 docs/2017/022w.md | 14 +++++++-------
 docs/2017/023w.md | 14 +++++++-------
 docs/2017/024w.md | 14 +++++++-------
 docs/2017/025w.md | 14 +++++++-------
 docs/2017/026w.md | 14 +++++++-------
 docs/2017/027w.md | 14 +++++++-------
 docs/2017/028w.md | 14 +++++++-------
 docs/2017/029w.md | 16 ++++++++--------
 docs/2017/030w.md | 14 +++++++-------
 docs/2017/031w.md | 14 +++++++-------
 docs/2017/032w.md | 14 +++++++-------
 docs/2017/033w.md | 14 +++++++-------
 docs/2017/034w.md | 14 +++++++-------
 docs/2017/035w.md | 14 +++++++-------
 docs/2017/036w.md | 14 +++++++-------
 docs/2017/037w.md | 14 +++++++-------
 docs/2017/038w.md | 14 +++++++-------
 docs/2017/039w.md | 14 +++++++-------
 docs/2017/040w.md | 14 +++++++-------
 docs/2017/041w.md | 14 +++++++-------
 docs/2017/042w.md | 14 +++++++-------
 docs/2017/043w.md | 14 +++++++-------
 docs/2017/044w.md | 14 +++++++-------
 docs/2017/045w.md | 14 +++++++-------
 docs/2017/046w.md | 14 +++++++-------
 docs/2017/047w.md | 14 +++++++-------
 docs/2017/048w.md | 14 +++++++-------
 docs/2017/049w.md | 14 +++++++-------
 docs/2017/050w.md | 14 +++++++-------
 tasks.py          | 44 +++++++++++++++++++++++++++++++++++++++++++-
 103 files changed, 771 insertions(+), 729 deletions(-)
/opt/www/debuguself/br_DUW/_trigger
TRIGGER obj. -> deploy.md ~> NOT exist
	 CANCEL build...
TRIGGER 0
<<<   clean /opt/www/debuguself/_trigger4deploy.log for next hooksrv act
###::end@ 2019/05/21 16:44:19
^^^^^^^^^^^^^^^^^^^^^^^^^^^^^^^^^^^^^^^^^^^^^^^^
